00:34:37 **** Incremental Build of configuration Nios II for project Vegetable-Viking_bsp ****
make all 
[BSP build complete]
00:34:47 **** Incremental Build of configuration Nios II for project Vegetable-Viking ****
make all 
Info: Building ../Vegetable-Viking_bsp/
C:/altera/15.0/nios2eds/bin/gnu/H-x86_64-mingw32/bin/make --no-print-directory -C ../Vegetable-Viking_bsp/
[BSP build complete]
[Vegetable-Viking build complete]
00:40:38 **** Incremental Build of configuration Nios II for project Vegetable-Viking ****
make all 
Info: Building ../Vegetable-Viking_bsp/
C:/altera/15.0/nios2eds/bin/gnu/H-x86_64-mingw32/bin/make --no-print-directory -C ../Vegetable-Viking_bsp/
[BSP build complete]
[Vegetable-Viking build complete]
00:40:39 **** Incremental Build of configuration Nios II for project Vegetable-Viking_bsp ****
make all 
[BSP build complete]
00:41:02 **** Incremental Build of configuration Nios II for project Vegetable-Viking ****
make all 
Info: Building ../Vegetable-Viking_bsp/
C:/altera/15.0/nios2eds/bin/gnu/H-x86_64-mingw32/bin/make --no-print-directory -C ../Vegetable-Viking_bsp/
[BSP build complete]
[Vegetable-Viking build complete]
00:41:03 **** Incremental Build of configuration Nios II for project Vegetable-Viking_bsp ****
make all 
[BSP build complete]
00:41:07 **** Incremental Build of configuration Nios II for project Vegetable-Viking ****
make all 
Info: Building ../Vegetable-Viking_bsp/
C:/altera/15.0/nios2eds/bin/gnu/H-x86_64-mingw32/bin/make --no-print-directory -C ../Vegetable-Viking_bsp/
[BSP build complete]
[Vegetable-Viking build complete]
00:47:05 **** Incremental Build of configuration Nios II for project Vegetable-Viking ****
make all 
Info: Building ../Vegetable-Viking_bsp/
C:/altera/15.0/nios2eds/bin/gnu/H-x86_64-mingw32/bin/make --no-print-directory -C ../Vegetable-Viking_bsp/
[BSP build complete]
[Vegetable-Viking build complete]
00:47:06 **** Incremental Build of configuration Nios II for project Vegetable-Viking_bsp ****
make all 
[BSP build complete]
00:47:37 **** Incremental Build of configuration Nios II for project Vegetable-Viking ****
make all 
Info: Building ../Vegetable-Viking_bsp/
C:/altera/15.0/nios2eds/bin/gnu/H-x86_64-mingw32/bin/make --no-print-directory -C ../Vegetable-Viking_bsp/
[BSP build complete]
[Vegetable-Viking build complete]
00:47:38 **** Incremental Build of configuration Nios II for project Vegetable-Viking_bsp ****
make all 
[BSP build complete]
00:47:42 **** Incremental Build of configuration Nios II for project Vegetable-Viking ****
make all 
Info: Building ../Vegetable-Viking_bsp/
C:/altera/15.0/nios2eds/bin/gnu/H-x86_64-mingw32/bin/make --no-print-directory -C ../Vegetable-Viking_bsp/
[BSP build complete]
[Vegetable-Viking build complete]
00:51:55 **** Incremental Build of configuration Nios II for project Vegetable-Viking ****
make all 
Info: Building ../Vegetable-Viking_bsp/
C:/altera/15.0/nios2eds/bin/gnu/H-x86_64-mingw32/bin/make --no-print-directory -C ../Vegetable-Viking_bsp/
[BSP build complete]
[Vegetable-Viking build complete]
00:51:56 **** Incremental Build of configuration Nios II for project Vegetable-Viking_bsp ****
make all 
[BSP build complete]
00:52:21 **** Incremental Build of configuration Nios II for project Vegetable-Viking ****
make all 
Info: Building ../Vegetable-Viking_bsp/
C:/altera/15.0/nios2eds/bin/gnu/H-x86_64-mingw32/bin/make --no-print-directory -C ../Vegetable-Viking_bsp/
[BSP build complete]
[Vegetable-Viking build complete]
01:00:45 **** Build of configuration Nios II for project Vegetable-Viking ****
make all 
Info: Building ../Vegetable-Viking_bsp/
C:/altera/15.0/nios2eds/bin/gnu/H-x86_64-mingw32/bin/make --no-print-directory -C ../Vegetable-Viking_bsp/
[BSP build complete]
[Vegetable-Viking build complete]
01:00:46 **** Build of configuration Nios II for project Vegetable-Viking_bsp ****
make all 
[BSP build complete]
01:01:25 **** Incremental Build of configuration Nios II for project Vegetable-Viking ****
make all 
Info: Building ../Vegetable-Viking_bsp/
C:/altera/15.0/nios2eds/bin/gnu/H-x86_64-mingw32/bin/make --no-print-directory -C ../Vegetable-Viking_bsp/
[BSP build complete]
[Vegetable-Viking build complete]
01:09:38 **** Incremental Build of configuration Nios II for project Vegetable-Viking ****
make all 
Info: Building ../Vegetable-Viking_bsp/
C:/altera/15.0/nios2eds/bin/gnu/H-x86_64-mingw32/bin/make --no-print-directory -C ../Vegetable-Viking_bsp/
[BSP build complete]
[Vegetable-Viking build complete]
01:09:39 **** Incremental Build of configuration Nios II for project Vegetable-Viking_bsp ****
make all 
[BSP build complete]
01:09:43 **** Incremental Build of configuration Nios II for project Vegetable-Viking ****
make all 
Info: Building ../Vegetable-Viking_bsp/
C:/altera/15.0/nios2eds/bin/gnu/H-x86_64-mingw32/bin/make --no-print-directory -C ../Vegetable-Viking_bsp/
[BSP build complete]
[Vegetable-Viking build complete]
01:14:30 **** Incremental Build of configuration Nios II for project Vegetable-Viking ****
make all 
Info: Building ../Vegetable-Viking_bsp/
C:/altera/15.0/nios2eds/bin/gnu/H-x86_64-mingw32/bin/make --no-print-directory -C ../Vegetable-Viking_bsp/
[BSP build complete]
[Vegetable-Viking build complete]
01:16:05 **** Incremental Build of configuration Nios II for project Vegetable-Viking ****
make all 
Info: Building ../Vegetable-Viking_bsp/
C:/altera/15.0/nios2eds/bin/gnu/H-x86_64-mingw32/bin/make --no-print-directory -C ../Vegetable-Viking_bsp/
[BSP build complete]
Info: Compiling main.c to obj/default/main.o
nios2-elf-gcc -xc -MP -MMD -c -I../Vegetable-Viking_bsp//HAL/inc -I../Vegetable-Viking_bsp/ -I../Vegetable-Viking_bsp//drivers/inc  -pipe -D__hal__ -DALT_NO_INSTRUCTION_EMULATION -DALT_SINGLE_THREADED    -O0 -g -Wall   -mno-hw-div -mno-hw-mul -mno-hw-mulx  -o obj/default/main.o main.c
Info: Linking Vegetable-Viking.elf
nios2-elf-g++  -T'../Vegetable-Viking_bsp//linker.x' -msys-crt0='../Vegetable-Viking_bsp//obj/HAL/src/crt0.o' -msys-lib=hal_bsp -L../Vegetable-Viking_bsp/   -Wl,-Map=Vegetable-Viking.map   -O0 -g -Wall   -mno-hw-div -mno-hw-mul -mno-hw-mulx  -o Vegetable-Viking.elf obj/default/main.o -lm -msys-lib=m
nios2-elf-insert Vegetable-Viking.elf --thread_model hal --cpu_name nios2_qsys_0 --qsys true --simulation_enabled false --id 0 --sidp 0xf8 --timestamp 1480389732 --stderr_dev jtag_uart_0 --stdin_dev jtag_uart_0 --stdout_dev jtag_uart_0 --sopc_system_name nios_system --quartus_project_dir "C:/ECE385/Vegetable-Viking" --jdi C:/ECE385/Vegetable-Viking/software/Vegetable-Viking_bsp/../../VeggieVik.jdi --sopcinfo C:/ECE385/Vegetable-Viking/software/Vegetable-Viking_bsp/../../nios_system.sopcinfo
Info: (Vegetable-Viking.elf) 28 KBytes program size (code + initialized data).
Info:                        131036 KBytes free for stack + heap.
Info: Creating Vegetable-Viking.objdump
nios2-elf-objdump --disassemble --syms --all-header --source Vegetable-Viking.elf >Vegetable-Viking.objdump
[Vegetable-Viking build complete]
01:16:10 **** Incremental Build of configuration Nios II for project Vegetable-Viking_bsp ****
make all 
[BSP build complete]
01:21:02 **** Incremental Build of configuration Nios II for project Vegetable-Viking ****
make all 
Info: Building ../Vegetable-Viking_bsp/
C:/altera/15.0/nios2eds/bin/gnu/H-x86_64-mingw32/bin/make --no-print-directory -C ../Vegetable-Viking_bsp/
[BSP build complete]
[Vegetable-Viking build complete]
01:21:03 **** Incremental Build of configuration Nios II for project Vegetable-Viking_bsp ****
make all 
[BSP build complete]
01:21:17 **** Incremental Build of configuration Nios II for project Vegetable-Viking ****
make all 
Info: Building ../Vegetable-Viking_bsp/
C:/altera/15.0/nios2eds/bin/gnu/H-x86_64-mingw32/bin/make --no-print-directory -C ../Vegetable-Viking_bsp/
[BSP build complete]
[Vegetable-Viking build complete]
01:21:18 **** Incremental Build of configuration Nios II for project Vegetable-Viking_bsp ****
make all 
[BSP build complete]
01:21:23 **** Incremental Build of configuration Nios II for project Vegetable-Viking ****
make all 
Info: Building ../Vegetable-Viking_bsp/
C:/altera/15.0/nios2eds/bin/gnu/H-x86_64-mingw32/bin/make --no-print-directory -C ../Vegetable-Viking_bsp/
[BSP build complete]
[Vegetable-Viking build complete]
12:29:03 **** Incremental Build of configuration Nios II for project Vegetable-Viking ****
make all 
Info: Building ../Vegetable-Viking_bsp/
C:/altera/15.0/nios2eds/bin/gnu/H-x86_64-mingw32/bin/make --no-print-directory -C ../Vegetable-Viking_bsp/
[BSP build complete]
Info: Compiling main.c to obj/default/main.o
nios2-elf-gcc -xc -MP -MMD -c -I../Vegetable-Viking_bsp//HAL/inc -I../Vegetable-Viking_bsp/ -I../Vegetable-Viking_bsp//drivers/inc  -pipe -D__hal__ -DALT_NO_INSTRUCTION_EMULATION -DALT_SINGLE_THREADED    -O0 -g -Wall   -mno-hw-div -mno-hw-mul -mno-hw-mulx  -o obj/default/main.o main.c
Info: Linking Vegetable-Viking.elf
nios2-elf-g++  -T'../Vegetable-Viking_bsp//linker.x' -msys-crt0='../Vegetable-Viking_bsp//obj/HAL/src/crt0.o' -msys-lib=hal_bsp -L../Vegetable-Viking_bsp/   -Wl,-Map=Vegetable-Viking.map   -O0 -g -Wall   -mno-hw-div -mno-hw-mul -mno-hw-mulx  -o Vegetable-Viking.elf obj/default/main.o -lm -msys-lib=m
nios2-elf-insert Vegetable-Viking.elf --thread_model hal --cpu_name nios2_qsys_0 --qsys true --simulation_enabled false --id 0 --sidp 0xf8 --timestamp 1480389732 --stderr_dev jtag_uart_0 --stdin_dev jtag_uart_0 --stdout_dev jtag_uart_0 --sopc_system_name nios_system --quartus_project_dir "C:/ECE385/Vegetable-Viking" --jdi C:/ECE385/Vegetable-Viking/software/Vegetable-Viking_bsp/../../VeggieVik.jdi --sopcinfo C:/ECE385/Vegetable-Viking/software/Vegetable-Viking_bsp/../../nios_system.sopcinfo
Info: (Vegetable-Viking.elf) 29 KBytes program size (code + initialized data).
Info:                        131036 KBytes free for stack + heap.
Info: Creating Vegetable-Viking.objdump
nios2-elf-objdump --disassemble --syms --all-header --source Vegetable-Viking.elf >Vegetable-Viking.objdump
[Vegetable-Viking build complete]
12:29:12 **** Incremental Build of configuration Nios II for project Vegetable-Viking_bsp ****
make all 
[BSP build complete]
12:31:26 **** Incremental Build of configuration Nios II for project Vegetable-Viking ****
make all 
Info: Building ../Vegetable-Viking_bsp/
C:/altera/15.0/nios2eds/bin/gnu/H-x86_64-mingw32/bin/make --no-print-directory -C ../Vegetable-Viking_bsp/
[BSP build complete]
Info: Compiling main.c to obj/default/main.o
nios2-elf-gcc -xc -MP -MMD -c -I../Vegetable-Viking_bsp//HAL/inc -I../Vegetable-Viking_bsp/ -I../Vegetable-Viking_bsp//drivers/inc  -pipe -D__hal__ -DALT_NO_INSTRUCTION_EMULATION -DALT_SINGLE_THREADED    -O0 -g -Wall   -mno-hw-div -mno-hw-mul -mno-hw-mulx  -o obj/default/main.o main.c
main.c: In function 'main':
main.c:83:3: warning: passing argument 1 of 'printf' makes pointer from integer without a cast
   printf(tempPackage);
   ^
In file included from c:\altera\15.0\nios2eds\bin\gnu\h-x86_64-mingw32\nios2-elf\include\stdio.h:29:0,
                 from main.c:3:
c:\altera\15.0\nios2eds\bin\gnu\h-x86_64-mingw32\nios2-elf\include\stdio.h:219:5: note: expected 'const char *' but argument is of type 'long unsigned int'
 int _EXFUN(printf, (const char *, ...)
     ^
Info: Linking Vegetable-Viking.elf
nios2-elf-g++  -T'../Vegetable-Viking_bsp//linker.x' -msys-crt0='../Vegetable-Viking_bsp//obj/HAL/src/crt0.o' -msys-lib=hal_bsp -L../Vegetable-Viking_bsp/   -Wl,-Map=Vegetable-Viking.map   -O0 -g -Wall   -mno-hw-div -mno-hw-mul -mno-hw-mulx  -o Vegetable-Viking.elf obj/default/main.o -lm -msys-lib=m
nios2-elf-insert Vegetable-Viking.elf --thread_model hal --cpu_name nios2_qsys_0 --qsys true --simulation_enabled false --id 0 --sidp 0xf8 --timestamp 1480389732 --stderr_dev jtag_uart_0 --stdin_dev jtag_uart_0 --stdout_dev jtag_uart_0 --sopc_system_name nios_system --quartus_project_dir "C:/ECE385/Vegetable-Viking" --jdi C:/ECE385/Vegetable-Viking/software/Vegetable-Viking_bsp/../../VeggieVik.jdi --sopcinfo C:/ECE385/Vegetable-Viking/software/Vegetable-Viking_bsp/../../nios_system.sopcinfo
Info: (Vegetable-Viking.elf) 69 KBytes program size (code + initialized data).
Info:                        130995 KBytes free for stack + heap.
Info: Creating Vegetable-Viking.objdump
nios2-elf-objdump --disassemble --syms --all-header --source Vegetable-Viking.elf >Vegetable-Viking.objdump
[Vegetable-Viking build complete]
12:31:28 **** Incremental Build of configuration Nios II for project Vegetable-Viking_bsp ****
make all 
[BSP build complete]
12:34:15 **** Incremental Build of configuration Nios II for project Vegetable-Viking ****
make all 
Info: Building ../Vegetable-Viking_bsp/
C:/altera/15.0/nios2eds/bin/gnu/H-x86_64-mingw32/bin/make --no-print-directory -C ../Vegetable-Viking_bsp/
[BSP build complete]
Info: Compiling main.c to obj/default/main.o
nios2-elf-gcc -xc -MP -MMD -c -I../Vegetable-Viking_bsp//HAL/inc -I../Vegetable-Viking_bsp/ -I../Vegetable-Viking_bsp//drivers/inc  -pipe -D__hal__ -DALT_NO_INSTRUCTION_EMULATION -DALT_SINGLE_THREADED    -O0 -g -Wall   -mno-hw-div -mno-hw-mul -mno-hw-mulx  -o obj/default/main.o main.c
main.c: In function 'main':
main.c:83:3: warning: format '%d' expects argument of type 'int', but argument 3 has type 'long unsigned int' [-Wformat=]
   printf("Our %dth message is %d\n", i, tempPackage);
   ^
main.c:83:3: warning: format '%d' expects argument of type 'int', but argument 3 has type 'long unsigned int' [-Wformat=]
Info: Linking Vegetable-Viking.elf
nios2-elf-g++  -T'../Vegetable-Viking_bsp//linker.x' -msys-crt0='../Vegetable-Viking_bsp//obj/HAL/src/crt0.o' -msys-lib=hal_bsp -L../Vegetable-Viking_bsp/   -Wl,-Map=Vegetable-Viking.map   -O0 -g -Wall   -mno-hw-div -mno-hw-mul -mno-hw-mulx  -o Vegetable-Viking.elf obj/default/main.o -lm -msys-lib=m
nios2-elf-insert Vegetable-Viking.elf --thread_model hal --cpu_name nios2_qsys_0 --qsys true --simulation_enabled false --id 0 --sidp 0xf8 --timestamp 1480389732 --stderr_dev jtag_uart_0 --stdin_dev jtag_uart_0 --stdout_dev jtag_uart_0 --sopc_system_name nios_system --quartus_project_dir "C:/ECE385/Vegetable-Viking" --jdi C:/ECE385/Vegetable-Viking/software/Vegetable-Viking_bsp/../../VeggieVik.jdi --sopcinfo C:/ECE385/Vegetable-Viking/software/Vegetable-Viking_bsp/../../nios_system.sopcinfo
Info: (Vegetable-Viking.elf) 69 KBytes program size (code + initialized data).
Info:                        130995 KBytes free for stack + heap.
Info: Creating Vegetable-Viking.objdump
nios2-elf-objdump --disassemble --syms --all-header --source Vegetable-Viking.elf >Vegetable-Viking.objdump
[Vegetable-Viking build complete]
12:34:17 **** Incremental Build of configuration Nios II for project Vegetable-Viking_bsp ****
make all 
[BSP build complete]
12:34:38 **** Incremental Build of configuration Nios II for project Vegetable-Viking ****
make all 
Info: Building ../Vegetable-Viking_bsp/
C:/altera/15.0/nios2eds/bin/gnu/H-x86_64-mingw32/bin/make --no-print-directory -C ../Vegetable-Viking_bsp/
[BSP build complete]
Info: Compiling main.c to obj/default/main.o
nios2-elf-gcc -xc -MP -MMD -c -I../Vegetable-Viking_bsp//HAL/inc -I../Vegetable-Viking_bsp/ -I../Vegetable-Viking_bsp//drivers/inc  -pipe -D__hal__ -DALT_NO_INSTRUCTION_EMULATION -DALT_SINGLE_THREADED    -O0 -g -Wall   -mno-hw-div -mno-hw-mul -mno-hw-mulx  -o obj/default/main.o main.c
Info: Linking Vegetable-Viking.elf
nios2-elf-g++  -T'../Vegetable-Viking_bsp//linker.x' -msys-crt0='../Vegetable-Viking_bsp//obj/HAL/src/crt0.o' -msys-lib=hal_bsp -L../Vegetable-Viking_bsp/   -Wl,-Map=Vegetable-Viking.map   -O0 -g -Wall   -mno-hw-div -mno-hw-mul -mno-hw-mulx  -o Vegetable-Viking.elf obj/default/main.o -lm -msys-lib=m
nios2-elf-insert Vegetable-Viking.elf --thread_model hal --cpu_name nios2_qsys_0 --qsys true --simulation_enabled false --id 0 --sidp 0xf8 --timestamp 1480389732 --stderr_dev jtag_uart_0 --stdin_dev jtag_uart_0 --stdout_dev jtag_uart_0 --sopc_system_name nios_system --quartus_project_dir "C:/ECE385/Vegetable-Viking" --jdi C:/ECE385/Vegetable-Viking/software/Vegetable-Viking_bsp/../../VeggieVik.jdi --sopcinfo C:/ECE385/Vegetable-Viking/software/Vegetable-Viking_bsp/../../nios_system.sopcinfo
Info: (Vegetable-Viking.elf) 69 KBytes program size (code + initialized data).
Info:                        130995 KBytes free for stack + heap.
Info: Creating Vegetable-Viking.objdump
nios2-elf-objdump --disassemble --syms --all-header --source Vegetable-Viking.elf >Vegetable-Viking.objdump
[Vegetable-Viking build complete]
12:34:41 **** Incremental Build of configuration Nios II for project Vegetable-Viking_bsp ****
make all 
[BSP build complete]
17:37:40 **** Incremental Build of configuration Nios II for project Vegetable-Viking ****
make all 
Info: Building ../Vegetable-Viking_bsp/
C:/altera/15.0/nios2eds/bin/gnu/H-x86_64-mingw32/bin/make --no-print-directory -C ../Vegetable-Viking_bsp/
[BSP build complete]
Info: Compiling main.c to obj/default/main.o
nios2-elf-gcc -xc -MP -MMD -c -I../Vegetable-Viking_bsp//HAL/inc -I../Vegetable-Viking_bsp/ -I../Vegetable-Viking_bsp//drivers/inc  -pipe -D__hal__ -DALT_NO_INSTRUCTION_EMULATION -DALT_SINGLE_THREADED    -O0 -g -Wall   -mno-hw-div -mno-hw-mul -mno-hw-mulx  -o obj/default/main.o main.c
main.c:25:38: warning: 'struct displayPackage' declared inside parameter list
 unsigned long messagePackager(struct displayPackage specifiedObject);
                                      ^
main.c:25:38: warning: its scope is only this definition or declaration, which is probably not what you want
main.c: In function 'main':
main.c:52:3: error: type of formal parameter 1 is incomplete
   unsigned long tempPackage = messagePackager(gameObject[i]);
   ^
main.c: At top level:
main.c:67:15: error: conflicting types for 'messagePackager'
 unsigned long messagePackager(struct displayPackage specifiedObject)
               ^
main.c:25:15: note: previous declaration of 'messagePackager' was here
 unsigned long messagePackager(struct displayPackage specifiedObject);
               ^
main.c: In function 'messagePackager':
main.c:100:2: warning: implicit declaration of function 'convertBinarytoDecimal' [-Wimplicit-function-declaration]
  tempDecimal = convertBinarytoDecimal(tempBinary);
  ^
main.c: In function 'convertDecimalToBinary':
main.c:141:27: warning: unused variable 'step' [-Wunused-variable]
     int remainder, i = 1, step = 1;
                           ^
make: *** [obj/default/main.o] Error 1
17:37:45 **** Incremental Build of configuration Nios II for project Vegetable-Viking_bsp ****
make all 
[BSP build complete]
17:38:51 **** Incremental Build of configuration Nios II for project Vegetable-Viking ****
make all 
Info: Building ../Vegetable-Viking_bsp/
C:/altera/15.0/nios2eds/bin/gnu/H-x86_64-mingw32/bin/make --no-print-directory -C ../Vegetable-Viking_bsp/
[BSP build complete]
Info: Compiling main.c to obj/default/main.o
nios2-elf-gcc -xc -MP -MMD -c -I../Vegetable-Viking_bsp//HAL/inc -I../Vegetable-Viking_bsp/ -I../Vegetable-Viking_bsp//drivers/inc  -pipe -D__hal__ -DALT_NO_INSTRUCTION_EMULATION -DALT_SINGLE_THREADED    -O0 -g -Wall   -mno-hw-div -mno-hw-mul -mno-hw-mulx  -o obj/default/main.o main.c
main.c:25:38: warning: 'struct displayPackage' declared inside parameter list
 unsigned long messagePackager(struct displayPackage);
                                      ^
main.c:25:38: warning: its scope is only this definition or declaration, which is probably not what you want
main.c: In function 'main':
main.c:52:3: error: type of formal parameter 1 is incomplete
   unsigned long tempPackage = messagePackager(gameObject[i]);
   ^
main.c: At top level:
main.c:67:15: error: conflicting types for 'messagePackager'
 unsigned long messagePackager(struct displayPackage specifiedObject)
               ^
main.c:25:15: note: previous declaration of 'messagePackager' was here
 unsigned long messagePackager(struct displayPackage);
               ^
make: *** [obj/default/main.o] Error 1
17:38:52 **** Incremental Build of configuration Nios II for project Vegetable-Viking_bsp ****
make all 
[BSP build complete]
17:39:13 **** Incremental Build of configuration Nios II for project Vegetable-Viking ****
make all 
Info: Building ../Vegetable-Viking_bsp/
C:/altera/15.0/nios2eds/bin/gnu/H-x86_64-mingw32/bin/make --no-print-directory -C ../Vegetable-Viking_bsp/
[BSP build complete]
Info: Compiling main.c to obj/default/main.o
nios2-elf-gcc -xc -MP -MMD -c -I../Vegetable-Viking_bsp//HAL/inc -I../Vegetable-Viking_bsp/ -I../Vegetable-Viking_bsp//drivers/inc  -pipe -D__hal__ -DALT_NO_INSTRUCTION_EMULATION -DALT_SINGLE_THREADED    -O0 -g -Wall   -mno-hw-div -mno-hw-mul -mno-hw-mulx  -o obj/default/main.o main.c
Info: Linking Vegetable-Viking.elf
nios2-elf-g++  -T'../Vegetable-Viking_bsp//linker.x' -msys-crt0='../Vegetable-Viking_bsp//obj/HAL/src/crt0.o' -msys-lib=hal_bsp -L../Vegetable-Viking_bsp/   -Wl,-Map=Vegetable-Viking.map   -O0 -g -Wall   -mno-hw-div -mno-hw-mul -mno-hw-mulx  -o Vegetable-Viking.elf obj/default/main.o -lm -msys-lib=m
nios2-elf-insert Vegetable-Viking.elf --thread_model hal --cpu_name nios2_qsys_0 --qsys true --simulation_enabled false --id 0 --sidp 0xf8 --timestamp 1480389732 --stderr_dev jtag_uart_0 --stdin_dev jtag_uart_0 --stdout_dev jtag_uart_0 --sopc_system_name nios_system --quartus_project_dir "C:/ECE385/Vegetable-Viking" --jdi C:/ECE385/Vegetable-Viking/software/Vegetable-Viking_bsp/../../VeggieVik.jdi --sopcinfo C:/ECE385/Vegetable-Viking/software/Vegetable-Viking_bsp/../../nios_system.sopcinfo
Info: (Vegetable-Viking.elf) 77 KBytes program size (code + initialized data).
Info:                        130988 KBytes free for stack + heap.
Info: Creating Vegetable-Viking.objdump
nios2-elf-objdump --disassemble --syms --all-header --source Vegetable-Viking.elf >Vegetable-Viking.objdump
[Vegetable-Viking build complete]
17:39:19 **** Incremental Build of configuration Nios II for project Vegetable-Viking_bsp ****
make all 
[BSP build complete]
17:40:10 **** Incremental Build of configuration Nios II for project Vegetable-Viking ****
make all 
Info: Building ../Vegetable-Viking_bsp/
C:/altera/15.0/nios2eds/bin/gnu/H-x86_64-mingw32/bin/make --no-print-directory -C ../Vegetable-Viking_bsp/
[BSP build complete]
Info: Compiling main.c to obj/default/main.o
nios2-elf-gcc -xc -MP -MMD -c -I../Vegetable-Viking_bsp//HAL/inc -I../Vegetable-Viking_bsp/ -I../Vegetable-Viking_bsp//drivers/inc  -pipe -D__hal__ -DALT_NO_INSTRUCTION_EMULATION -DALT_SINGLE_THREADED    -O0 -g -Wall   -mno-hw-div -mno-hw-mul -mno-hw-mulx  -o obj/default/main.o main.c
Info: Linking Vegetable-Viking.elf
nios2-elf-g++  -T'../Vegetable-Viking_bsp//linker.x' -msys-crt0='../Vegetable-Viking_bsp//obj/HAL/src/crt0.o' -msys-lib=hal_bsp -L../Vegetable-Viking_bsp/   -Wl,-Map=Vegetable-Viking.map   -O0 -g -Wall   -mno-hw-div -mno-hw-mul -mno-hw-mulx  -o Vegetable-Viking.elf obj/default/main.o -lm -msys-lib=m
nios2-elf-insert Vegetable-Viking.elf --thread_model hal --cpu_name nios2_qsys_0 --qsys true --simulation_enabled false --id 0 --sidp 0xf8 --timestamp 1480389732 --stderr_dev jtag_uart_0 --stdin_dev jtag_uart_0 --stdout_dev jtag_uart_0 --sopc_system_name nios_system --quartus_project_dir "C:/ECE385/Vegetable-Viking" --jdi C:/ECE385/Vegetable-Viking/software/Vegetable-Viking_bsp/../../VeggieVik.jdi --sopcinfo C:/ECE385/Vegetable-Viking/software/Vegetable-Viking_bsp/../../nios_system.sopcinfo
Info: (Vegetable-Viking.elf) 77 KBytes program size (code + initialized data).
Info:                        130988 KBytes free for stack + heap.
Info: Creating Vegetable-Viking.objdump
nios2-elf-objdump --disassemble --syms --all-header --source Vegetable-Viking.elf >Vegetable-Viking.objdump
[Vegetable-Viking build complete]
17:40:13 **** Incremental Build of configuration Nios II for project Vegetable-Viking_bsp ****
make all 
[BSP build complete]
